02_moving_ball_smooth.html:133 radius_v Vector {x: 293.069113968896, y: 5.115540412782278}
02_moving_ball_smooth.html:134 current_v Vector {x: 0.01745240643728351, y: -0.9998476951563913}
02_moving_ball_smooth.html:138 new pt Point {x: -0.0446426448606303, y: 5.115540412782278}
02_moving_ball_smooth.html:133 radius_v Vector {x: 194.09257547949528, y: -2.042810365310288e-14}
02_moving_ball_smooth.html:134 current_v Vector {x: -1.0524927912691327e-16, y: -1}
02_moving_ball_smooth.html:138 new pt Point {x: -0.01508140550659988, y: 1.728157899054999}
02_moving_ball_smooth.html:133 radius_v Vector {x: -159.66192677175275, y: 2.7869092983652655}
02_moving_ball_smooth.html:134 current_v Vector {x: 0.01745240643728351, y: 0.9998476951563913}
02_moving_ball_smooth.html:138 new pt Point {x: 0.009239583485054936, y: 4.515067197420264}
02_moving_ball_smooth.html:133 radius_v Vector {x: -178.8049152196434, y: 6.2440052283766425}
02_moving_ball_smooth.html:134 current_v Vector {x: 0.034899496702500865, y: 0.9993908270190958}
02_moving_ball_smooth.html:138 new pt Point {x: 0.0909796458781843, y: 7.636594243057301}
02_moving_ball_smooth.html:133 radius_v Vector {x: 19.848226398609704, y: -1.0402014682581626}
02_moving_ball_smooth.html:134 current_v Vector {x: -0.0523359562429435, y: -0.9986295347545738}
02_moving_ball_smooth.html:138 new pt Point {x: 0.07584860809503564, y: 7.2900365011676005}
02_moving_ball_smooth.html:133 radius_v Vector {x: 142.5755897261806, y: -9.96985645051771}
02_moving_ball_smooth.html:134 current_v Vector {x: -0.0697564737441252, y: -0.9975640502598243}
02_moving_ball_smooth.html:138 new pt Point {x: -0.07643442590508637, y: 4.800230903803414}
02_moving_ball_smooth.html:133 radius_v Vector {x: 283.48922928384115, y: -14.857040957427106}
02_moving_ball_smooth.html:134 current_v Vector {x: -0.052335956242944175, y: -0.9986295347545738}
02_moving_ball_smooth.html:138 new pt Point {x: 0.22603347407017776, y: 9.74553735455775}
02_moving_ball_smooth.html:133 radius_v Vector {x: 187.5729136671517, y: -13.116375859699215}
02_moving_ball_smooth.html:134 current_v Vector {x: -0.0697564737441252, y: -0.9975640502598243}
02_moving_ball_smooth.html:138 new pt Point {x: 0.025689414863850485, y: 6.469940941039102}
02_moving_ball_smooth.html:133 radius_v Vector {x: -838.0896235816358, y: 73.3233410821023}
02_moving_ball_smooth.html:134 current_v Vector {x: 0.08715574274765849, y: 0.9961946980917455}
02_moving_ball_smooth.html:138 new pt Point {x: 1.1777130557185145, y: 21.107789182652134}
02_moving_ball_smooth.html:133 radius_v Vector {x: -293.6933450936892, y: 30.868414438690603}
02_moving_ball_smooth.html:134 current_v Vector {x: 0.10452846326765344, y: 0.9945218953682734}
02_moving_ball_smooth.html:138 new pt Point {x: 1.6717102515836377, y: 26.2381462181861}
02_moving_ball_smooth.html:133 radius_v Vector {x: 270.39436287874764, y: -33.200253116687264}
02_moving_ball_smooth.html:134 current_v Vector {x: -0.121869343405146, y: -0.9925461516413222}
02_moving_ball_smooth.html:138 new pt Point {x: 1.1334683115214865, y: 21.514057339517162}
02_moving_ball_smooth.html:133 radius_v Vector {x: 207.82437266946266, y: -29.207810806466536}
02_moving_ball_smooth.html:134 current_v Vector {x: -0.13917310096006258, y: -0.9902680687415708}
02_moving_ball_smooth.html:138 new pt Point {x: 0.6553743847612548, y: 17.88257342905919}
02_moving_ball_smooth.html:133 radius_v Vector {x: 638.2286434601446, y: -101.0854864935202}
02_moving_ball_smooth.html:134 current_v Vector {x: -0.15643446504022662, y: -0.9876883405951384}
02_moving_ball_smooth.html:138 new pt Point {x: -1.0116052967054106, y: 6.728551934265127}
